<?xml version="1.0" encoding="UTF-8"?>
<!-- Generated by org.testng.reporters.JUnitXMLReporter -->
<testsuite ignored="10" hostname="yash_patel" failures="0" tests="1" name="Default test" time="40.925" errors="0" timestamp="10 Feb 2022 16:42:21 GMT">
  <testcase classname="com.ExitTest.tests.HomePageTests" name="clickNext" time="23.976"/>
  <testcase classname="com.ExitTest.tests.HomePageTests" name="flipkartCoupons" time="0.0">
    <ignored/>
  </testcase> <!-- flipkartCoupons -->
  <testcase classname="com.ExitTest.tests.HomePageTests" name="superCoin" time="0.0">
    <ignored/>
  </testcase> <!-- superCoin -->
  <testcase classname="com.ExitTest.tests.HomePageTests" name="flipkartNotifications" time="0.0">
    <ignored/>
  </testcase> <!-- flipkartNotifications -->
  <testcase classname="com.ExitTest.tests.HomePageTests" name="flipkartLogo" time="0.0">
    <ignored/>
  </testcase> <!-- flipkartLogo -->
  <testcase classname="com.ExitTest.tests.HomePageTests" name="wishlistProduct" time="0.0">
    <ignored/>
  </testcase> <!-- wishlistProduct -->
  <testcase classname="com.ExitTest.tests.HomePageTests" name="removeWishlistProduct" time="0.0">
    <ignored/>
  </testcase> <!-- removeWishlistProduct -->
  <testcase classname="com.ExitTest.tests.HomePageTests" name="productSearch" time="0.0">
    <ignored/>
  </testcase> <!-- productSearch -->
  <testcase classname="com.ExitTest.tests.HomePageTests" name="myOrders" time="0.0">
    <ignored/>
  </testcase> <!-- myOrders -->
  <testcase classname="com.ExitTest.tests.HomePageTests" name="flipkartFilterType" time="0.0">
    <ignored/>
  </testcase> <!-- flipkartFilterType -->
  <testcase classname="com.ExitTest.tests.HomePageTests" name="flipkartPlusZone" time="0.0">
    <ignored/>
  </testcase> <!-- flipkartPlusZone -->
</testsuite> <!-- Default test -->
