<?xml version="1.0" encoding="UTF-8"?>
<testng-results ignored="0" total="0" passed="0" failed="0" skipped="0">
  <reporter-output>
  </reporter-output>
  <suite started-at="2022-02-10T16:46:09Z" name="com.ExitTest.tests.BaseTest" finished-at="2022-02-10T16:46:10Z" duration-ms="385">
    <groups>
    </groups>
    <test started-at="2022-02-10T16:46:09Z" name="Command line test" finished-at="2022-02-10T16:46:10Z" duration-ms="385">
      <class name="com.ExitTest.tests.BaseTest">
        <test-method is-config="true" signature="setExtent()[pri:0, instance:com.ExitTest.tests.BaseTest@27d4a09]" started-at="2022-02-10T16:46:09Z" name="setExtent" finished-at="2022-02-10T16:46:09Z" duration-ms="145" status="PASS">
          <reporter-output>
          </reporter-output>
        </test-method> <!-- setExtent -->
        <test-method is-config="true" signature="endReport()[pri:0, instance:com.ExitTest.tests.BaseTest@27d4a09]" started-at="2022-02-10T16:46:09Z" name="endReport" finished-at="2022-02-10T16:46:10Z" duration-ms="236" status="PASS">
          <reporter-output>
          </reporter-output>
        </test-method> <!-- endReport -->
      </class> <!-- com.ExitTest.tests.BaseTest -->
    </test> <!-- Command line test -->
  </suite> <!-- com.ExitTest.tests.BaseTest -->
</testng-results>
