<?xml version="1.0" encoding="UTF-8"?>
<testng-results ignored="6" total="26" passed="18" failed="2" skipped="0">
  <reporter-output>
  </reporter-output>
  <suite started-at="2022-02-09T18:32:07Z" name="Suite" finished-at="2022-02-09T18:40:24Z" duration-ms="496444">
    <groups>
      <group name="validLogin">
        <method signature="CartTests.AddProductToCart()[pri:18, instance:com.ExitTest.tests.CartTests@72c28d64]" name="AddProductToCart" class="com.ExitTest.tests.CartTests"/>
        <method signature="CartTests.RemoveProductFromCart()[pri:19, instance:com.ExitTest.tests.CartTests@72c28d64]" name="RemoveProductFromCart" class="com.ExitTest.tests.CartTests"/>
        <method signature="CartTests.SaveForLater()[pri:20, instance:com.ExitTest.tests.CartTests@72c28d64]" name="SaveForLater" class="com.ExitTest.tests.CartTests"/>
        <method signature="CartTests.checkSize()[pri:21, instance:com.ExitTest.tests.CartTests@72c28d64]" name="checkSize" class="com.ExitTest.tests.CartTests"/>
        <method signature="HomePageTests.flipkartCoupons()[pri:15, instance:com.ExitTest.tests.HomePageTests@2807bdeb]" name="flipkartCoupons" class="com.ExitTest.tests.HomePageTests"/>
        <method signature="HomePageTests.flipkartFilterType()[pri:17, instance:com.ExitTest.tests.HomePageTests@2807bdeb]" name="flipkartFilterType" class="com.ExitTest.tests.HomePageTests"/>
        <method signature="HomePageTests.flipkartLogo()[pri:13, instance:com.ExitTest.tests.HomePageTests@2807bdeb]" name="flipkartLogo" class="com.ExitTest.tests.HomePageTests"/>
        <method signature="HomePageTests.flipkartNotifications()[pri:16, instance:com.ExitTest.tests.HomePageTests@2807bdeb]" name="flipkartNotifications" class="com.ExitTest.tests.HomePageTests"/>
        <method signature="HomePageTests.flipkartPlusZone()[pri:14, instance:com.ExitTest.tests.HomePageTests@2807bdeb]" name="flipkartPlusZone" class="com.ExitTest.tests.HomePageTests"/>
        <method signature="HomePageTests.myOrders()[pri:11, instance:com.ExitTest.tests.HomePageTests@2807bdeb]" name="myOrders" class="com.ExitTest.tests.HomePageTests"/>
        <method signature="HomePageTests.productSearch()[pri:8, instance:com.ExitTest.tests.HomePageTests@2807bdeb]" name="productSearch" class="com.ExitTest.tests.HomePageTests"/>
        <method signature="HomePageTests.removeWishlistProduct()[pri:10, instance:com.ExitTest.tests.HomePageTests@2807bdeb]" name="removeWishlistProduct" class="com.ExitTest.tests.HomePageTests"/>
        <method signature="HomePageTests.sortLowToHigh()[pri:18, instance:com.ExitTest.tests.HomePageTests@2807bdeb]" name="sortLowToHigh" class="com.ExitTest.tests.HomePageTests"/>
        <method signature="HomePageTests.superCoin()[pri:12, instance:com.ExitTest.tests.HomePageTests@2807bdeb]" name="superCoin" class="com.ExitTest.tests.HomePageTests"/>
        <method signature="HomePageTests.wishlistProduct()[pri:9, instance:com.ExitTest.tests.HomePageTests@2807bdeb]" name="wishlistProduct" class="com.ExitTest.tests.HomePageTests"/>
        <method signature="LoginPageTests.validLogin()[pri:1, instance:com.ExitTest.tests.LoginPageTests@6ebf0f36]" name="validLogin" class="com.ExitTest.tests.LoginPageTests"/>
        <method signature="LogoutPageTests.logout()[pri:7, instance:com.ExitTest.tests.LogoutPageTests@18920cc]" name="logout" class="com.ExitTest.tests.LogoutPageTests"/>
      </group> <!-- validLogin -->
      <group name="invalidLogin">
        <method signature="LoginPageTests.invalidPassword()[pri:3, instance:com.ExitTest.tests.LoginPageTests@6ebf0f36]" name="invalidPassword" class="com.ExitTest.tests.LoginPageTests"/>
        <method signature="LoginPageTests.invalidUsername()[pri:2, instance:com.ExitTest.tests.LoginPageTests@6ebf0f36]" name="invalidUsername" class="com.ExitTest.tests.LoginPageTests"/>
        <method signature="LoginPageTests.invalidUsernameAndPassword()[pri:4, instance:com.ExitTest.tests.LoginPageTests@6ebf0f36]" name="invalidUsernameAndPassword" class="com.ExitTest.tests.LoginPageTests"/>
      </group> <!-- invalidLogin -->
    </groups>
    <test started-at="2022-02-09T18:32:07Z" name="Test" finished-at="2022-02-09T18:40:24Z" duration-ms="496444">
      <class name="com.ExitTest.tests.HomePageTests">
        <test-method is-config="true" signature="initializeWebDriver()[pri:0, instance:com.ExitTest.tests.HomePageTests@2807bdeb]" started-at="2022-02-09T18:33:15Z" name="initializeWebDriver" finished-at="2022-02-09T18:33:17Z" duration-ms="1459" status="PASS">
          <reporter-output>
          </reporter-output>
        </test-method> <!-- initializeWebDriver -->
        <test-method is-config="true" signature="openUrl()[pri:0, instance:com.ExitTest.tests.HomePageTests@2807bdeb]" started-at="2022-02-09T18:33:17Z" name="openUrl" finished-at="2022-02-09T18:33:21Z" duration-ms="4139" status="PASS">
          <reporter-output>
          </reporter-output>
        </test-method> <!-- openUrl -->
        <test-method signature="productSearch()[pri:8, instance:com.ExitTest.tests.HomePageTests@2807bdeb]" started-at="2022-02-09T18:33:21Z" name="productSearch" finished-at="2022-02-09T18:33:28Z" duration-ms="6854" status="PASS">
          <reporter-output>
          </reporter-output>
        </test-method> <!-- productSearch -->
        <test-method is-config="true" signature="attachScreenshot(org.testng.ITestResult)[pri:0, instance:com.ExitTest.tests.HomePageTests@2807bdeb]" started-at="2022-02-09T18:33:28Z" name="attachScreenshot" finished-at="2022-02-09T18:33:28Z" duration-ms="1" status="PASS">
          <params>
            <param index="0">
              <value>
                <![CDATA[[TestResult name=productSearch status=SUCCESS method=HomePageTests.productSearch()[pri:8, instance:com.ExitTest.tests.HomePageTests@2807bdeb] output={null}]]]>
              </value>
            </param>
          </params>
          <reporter-output>
          </reporter-output>
        </test-method> <!-- attachScreenshot -->
        <test-method is-config="true" signature="closeBrowser(org.testng.ITestResult)[pri:0, instance:com.ExitTest.tests.HomePageTests@2807bdeb]" started-at="2022-02-09T18:33:28Z" name="closeBrowser" finished-at="2022-02-09T18:33:28Z" duration-ms="720" status="PASS">
          <params>
            <param index="0">
              <value>
                <![CDATA[[TestResult name=productSearch status=SUCCESS method=HomePageTests.productSearch()[pri:8, instance:com.ExitTest.tests.HomePageTests@2807bdeb] output={null}]]]>
              </value>
            </param>
          </params>
          <reporter-output>
          </reporter-output>
        </test-method> <!-- closeBrowser -->
        <test-method is-config="true" signature="initializeWebDriver()[pri:0, instance:com.ExitTest.tests.HomePageTests@2807bdeb]" started-at="2022-02-09T18:33:28Z" name="initializeWebDriver" finished-at="2022-02-09T18:33:30Z" duration-ms="1524" status="PASS">
          <reporter-output>
          </reporter-output>
        </test-method> <!-- initializeWebDriver -->
        <test-method is-config="true" signature="openUrl()[pri:0, instance:com.ExitTest.tests.HomePageTests@2807bdeb]" started-at="2022-02-09T18:33:30Z" name="openUrl" finished-at="2022-02-09T18:33:33Z" duration-ms="3420" status="PASS">
          <reporter-output>
          </reporter-output>
        </test-method> <!-- openUrl -->
        <test-method signature="wishlistProduct()[pri:9, instance:com.ExitTest.tests.HomePageTests@2807bdeb]" started-at="2022-02-09T18:33:33Z" name="wishlistProduct" finished-at="2022-02-09T18:33:50Z" duration-ms="16548" status="PASS">
          <reporter-output>
          </reporter-output>
        </test-method> <!-- wishlistProduct -->
        <test-method is-config="true" signature="attachScreenshot(org.testng.ITestResult)[pri:0, instance:com.ExitTest.tests.HomePageTests@2807bdeb]" started-at="2022-02-09T18:33:50Z" name="attachScreenshot" finished-at="2022-02-09T18:33:50Z" duration-ms="1" status="PASS">
          <params>
            <param index="0">
              <value>
                <![CDATA[[TestResult name=wishlistProduct status=SUCCESS method=HomePageTests.wishlistProduct()[pri:9, instance:com.ExitTest.tests.HomePageTests@2807bdeb] output={null}]]]>
              </value>
            </param>
          </params>
          <reporter-output>
          </reporter-output>
        </test-method> <!-- attachScreenshot -->
        <test-method is-config="true" signature="closeBrowser(org.testng.ITestResult)[pri:0, instance:com.ExitTest.tests.HomePageTests@2807bdeb]" started-at="2022-02-09T18:33:50Z" name="closeBrowser" finished-at="2022-02-09T18:33:51Z" duration-ms="646" status="PASS">
          <params>
            <param index="0">
              <value>
                <![CDATA[[TestResult name=wishlistProduct status=SUCCESS method=HomePageTests.wishlistProduct()[pri:9, instance:com.ExitTest.tests.HomePageTests@2807bdeb] output={null}]]]>
              </value>
            </param>
          </params>
          <reporter-output>
          </reporter-output>
        </test-method> <!-- closeBrowser -->
        <test-method is-config="true" signature="initializeWebDriver()[pri:0, instance:com.ExitTest.tests.HomePageTests@2807bdeb]" started-at="2022-02-09T18:33:51Z" name="initializeWebDriver" finished-at="2022-02-09T18:33:52Z" duration-ms="1355" status="PASS">
          <reporter-output>
          </reporter-output>
        </test-method> <!-- initializeWebDriver -->
        <test-method is-config="true" signature="openUrl()[pri:0, instance:com.ExitTest.tests.HomePageTests@2807bdeb]" started-at="2022-02-09T18:33:52Z" name="openUrl" finished-at="2022-02-09T18:33:56Z" duration-ms="4438" status="PASS">
          <reporter-output>
          </reporter-output>
        </test-method> <!-- openUrl -->
        <test-method signature="removeWishlistProduct()[pri:10, instance:com.ExitTest.tests.HomePageTests@2807bdeb]" started-at="2022-02-09T18:33:56Z" name="removeWishlistProduct" finished-at="2022-02-09T18:34:04Z" duration-ms="7514" status="FAIL">
          <exception class="org.openqa.selenium.json.JsonException">
            <message>
              <![CDATA[java.lang.reflect.InvocationTargetException
Build info: version: '3.141.59', revision: 'e82be7d358', time: '2018-11-14T08:17:03'
System info: host: 'YASH_PATEL', ip: '192.168.167.71', os.name: 'Windows 10', os.arch: 'amd64', os.version: '10.0', java.version: '11.0.11'
Driver info: driver.version: RemoteWebDriver]]>
            </message>
            <full-stacktrace>
              <![CDATA[org.openqa.selenium.json.JsonException: java.lang.reflect.InvocationTargetException
Build info: version: '3.141.59', revision: 'e82be7d358', time: '2018-11-14T08:17:03'
System info: host: 'YASH_PATEL', ip: '192.168.167.71', os.name: 'Windows 10', os.arch: 'amd64', os.version: '10.0', java.version: '11.0.11'
Driver info: driver.version: RemoteWebDriver
at org.openqa.selenium.json.JsonOutput.convertUsingMethod(JsonOutput.java:332)
at org.openqa.selenium.json.JsonOutput.lambda$new$16(JsonOutput.java:155)
at org.openqa.selenium.json.JsonOutput.write(JsonOutput.java:264)
at org.openqa.selenium.json.JsonOutput.lambda$null$21(JsonOutput.java:168)
at java.base/java.util.LinkedHashMap$LinkedValues.forEach(LinkedHashMap.java:608)
at org.openqa.selenium.json.JsonOutput.lambda$new$22(JsonOutput.java:168)
at org.openqa.selenium.json.JsonOutput.write(JsonOutput.java:264)
at org.openqa.selenium.json.JsonOutput.lambda$null$23(JsonOutput.java:177)
at com.google.common.collect.SingletonImmutableBiMap.forEach(SingletonImmutableBiMap.java:65)
at org.openqa.selenium.json.JsonOutput.lambda$new$24(JsonOutput.java:176)
at org.openqa.selenium.json.JsonOutput.write(JsonOutput.java:264)
at org.openqa.selenium.json.JsonOutput.write(JsonOutput.java:255)
at org.openqa.selenium.json.Json.toJson(Json.java:42)
at org.openqa.selenium.remote.http.AbstractHttpCommandCodec.encode(AbstractHttpCommandCodec.java:227)
at org.openqa.selenium.remote.http.AbstractHttpCommandCodec.encode(AbstractHttpCommandCodec.java:117)
at org.openqa.selenium.remote.HttpCommandExecutor.execute(HttpCommandExecutor.java:152)
at org.openqa.selenium.remote.service.DriverCommandExecutor.execute(DriverCommandExecutor.java:83)
at org.openqa.selenium.remote.RemoteWebDriver.execute(RemoteWebDriver.java:552)
at org.openqa.selenium.remote.RemoteWebDriver.perform(RemoteWebDriver.java:618)
at org.openqa.selenium.interactions.Actions$BuiltAction.perform(Actions.java:639)
at org.openqa.selenium.interactions.Actions.perform(Actions.java:595)
at com.ExitTest.pages.HomePage.removeFromWishlist(HomePage.java:109)
at com.ExitTest.tests.HomePageTests.removeWishlistProduct(HomePageTests.java:125)
at java.base/jdk.internal.reflect.NativeMethodAccessorImpl.invoke0(Native Method)
at java.base/jdk.internal.reflect.NativeMethodAccessorImpl.invoke(NativeMethodAccessorImpl.java:62)
at java.base/jdk.internal.reflect.DelegatingMethodAccessorImpl.invoke(DelegatingMethodAccessorImpl.java:43)
at java.base/java.lang.reflect.Method.invoke(Method.java:566)
at org.testng.internal.MethodInvocationHelper.invokeMethod(MethodInvocationHelper.java:124)
at org.testng.internal.Invoker.invokeMethod(Invoker.java:583)
at org.testng.internal.Invoker.invokeTestMethod(Invoker.java:719)
at org.testng.internal.Invoker.invokeTestMethods(Invoker.java:989)
at org.testng.internal.TestMethodWorker.invokeTestMethods(TestMethodWorker.java:125)
at org.testng.internal.TestMethodWorker.run(TestMethodWorker.java:109)
at org.testng.TestRunner.privateRun(TestRunner.java:648)
at org.testng.TestRunner.run(TestRunner.java:505)
at org.testng.SuiteRunner.runTest(SuiteRunner.java:455)
at org.testng.SuiteRunner.runSequentially(SuiteRunner.java:450)
at org.testng.SuiteRunner.privateRun(SuiteRunner.java:415)
at org.testng.SuiteRunner.run(SuiteRunner.java:364)
at org.testng.SuiteRunnerWorker.runSuite(SuiteRunnerWorker.java:52)
at org.testng.SuiteRunnerWorker.run(SuiteRunnerWorker.java:84)
at org.testng.TestNG.runSuitesSequentially(TestNG.java:1208)
at org.testng.TestNG.runSuitesLocally(TestNG.java:1137)
at org.testng.TestNG.runSuites(TestNG.java:1049)
at org.testng.TestNG.run(TestNG.java:1017)
at org.testng.remote.AbstractRemoteTestNG.run(AbstractRemoteTestNG.java:115)
at org.testng.remote.RemoteTestNG.initAndRun(RemoteTestNG.java:251)
at org.testng.remote.RemoteTestNG.main(RemoteTestNG.java:77)
Suppressed: org.openqa.selenium.json.JsonException: Attempting to close incomplete json stream
Build info: version: '3.141.59', revision: 'e82be7d358', time: '2018-11-14T08:17:03'
System info: host: 'YASH_PATEL', ip: '192.168.167.71', os.name: 'Windows 10', os.arch: 'amd64', os.version: '10.0', java.version: '11.0.11'
Driver info: driver.version: RemoteWebDriver
at org.openqa.selenium.json.JsonOutput.close(JsonOutput.java:279)
at org.openqa.selenium.json.Json.toJson(Json.java:44)
... 35 more
Caused by: java.lang.reflect.InvocationTargetException
at java.base/jdk.internal.reflect.NativeMethodAccessorImpl.invoke0(Native Method)
at java.base/jdk.internal.reflect.NativeMethodAccessorImpl.invoke(NativeMethodAccessorImpl.java:62)
at java.base/jdk.internal.reflect.DelegatingMethodAccessorImpl.invoke(DelegatingMethodAccessorImpl.java:43)
at java.base/java.lang.reflect.Method.invoke(Method.java:566)
at org.openqa.selenium.json.JsonOutput.convertUsingMethod(JsonOutput.java:328)
... 47 more
Caused by: org.openqa.selenium.NoSuchElementException: no such element: Unable to locate element: {"method":"xpath","selector":"//div[@class='exehdJ'][normalize-space()='Yash']"}
  (Session info: chrome=97.0.4692.99)
For documentation on this error, please visit: https://www.seleniumhq.org/exceptions/no_such_element.html
Build info: version: '3.141.59', revision: 'e82be7d358', time: '2018-11-14T08:17:03'
System info: host: 'YASH_PATEL', ip: '192.168.167.71', os.name: 'Windows 10', os.arch: 'amd64', os.version: '10.0', java.version: '11.0.11'
Driver info: org.openqa.selenium.chrome.ChromeDriver
Capabilities {acceptInsecureCerts: false, browserName: chrome, browserVersion: 97.0.4692.99, chrome: {chromedriverVersion: 97.0.4692.71 (adefa7837d02a..., userDataDir: C:\Users\YASHPA~1\AppData\L...}, goog:chromeOptions: {debuggerAddress: localhost:58054}, javascriptEnabled: true, networkConnectionEnabled: false, pageLoadStrategy: normal, platform: WINDOWS, platformName: WINDOWS, proxy: Proxy(), setWindowRect: true, strictFileInteractability: false, timeouts: {implicit: 0, pageLoad: 300000, script: 30000}, unhandledPromptBehavior: dismiss and notify, webauthn:extension:credBlob: true, webauthn:extension:largeBlob: true, webauthn:virtualAuthenticators: true}
Session ID: db83b8d7cd0f10220dbe2448a55500c2
*** Element info: {Using=xpath, value=//div[@class='exehdJ'][normalize-space()='Yash']}
at java.base/jdk.internal.reflect.NativeConstructorAccessorImpl.newInstance0(Native Method)
at java.base/jdk.internal.reflect.NativeConstructorAccessorImpl.newInstance(NativeConstructorAccessorImpl.java:62)
at java.base/jdk.internal.reflect.DelegatingConstructorAccessorImpl.newInstance(DelegatingConstructorAccessorImpl.java:45)
at java.base/java.lang.reflect.Constructor.newInstance(Constructor.java:490)
at org.openqa.selenium.remote.http.W3CHttpResponseCodec.createException(W3CHttpResponseCodec.java:187)
at org.openqa.selenium.remote.http.W3CHttpResponseCodec.decode(W3CHttpResponseCodec.java:122)
at org.openqa.selenium.remote.http.W3CHttpResponseCodec.decode(W3CHttpResponseCodec.java:49)
at org.openqa.selenium.remote.HttpCommandExecutor.execute(HttpCommandExecutor.java:158)
at org.openqa.selenium.remote.service.DriverCommandExecutor.execute(DriverCommandExecutor.java:83)
at org.openqa.selenium.remote.RemoteWebDriver.execute(RemoteWebDriver.java:552)
at org.openqa.selenium.remote.RemoteWebDriver.findElement(RemoteWebDriver.java:323)
at org.openqa.selenium.remote.RemoteWebDriver.findElementByXPath(RemoteWebDriver.java:428)
at org.openqa.selenium.By$ByXPath.findElement(By.java:353)
at org.openqa.selenium.remote.RemoteWebDriver.findElement(RemoteWebDriver.java:315)
at org.openqa.selenium.support.pagefactory.DefaultElementLocator.findElement(DefaultElementLocator.java:69)
at org.openqa.selenium.support.pagefactory.internal.LocatingElementHandler.invoke(LocatingElementHandler.java:38)
at com.sun.proxy.$Proxy15.getWrappedElement(Unknown Source)
at org.openqa.selenium.interactions.PointerInput$Origin.asArg(PointerInput.java:204)
at org.openqa.selenium.interactions.PointerInput$Move.encode(PointerInput.java:155)
at org.openqa.selenium.interactions.Sequence.encode(Sequence.java:75)
at org.openqa.selenium.interactions.Sequence.toJson(Sequence.java:84)
... 52 more
]]>
            </full-stacktrace>
          </exception> <!-- org.openqa.selenium.json.JsonException -->
          <reporter-output>
          </reporter-output>
        </test-method> <!-- removeWishlistProduct -->
        <test-method is-config="true" signature="attachScreenshot(org.testng.ITestResult)[pri:0, instance:com.ExitTest.tests.HomePageTests@2807bdeb]" started-at="2022-02-09T18:34:04Z" name="attachScreenshot" finished-at="2022-02-09T18:34:04Z" duration-ms="180" status="PASS">
          <params>
            <param index="0">
              <value>
                <![CDATA[[TestResult name=removeWishlistProduct status=FAILURE method=HomePageTests.removeWishlistProduct()[pri:10, instance:com.ExitTest.tests.HomePageTests@2807bdeb] output={null}]]]>
              </value>
            </param>
          </params>
          <reporter-output>
          </reporter-output>
        </test-method> <!-- attachScreenshot -->
        <test-method is-config="true" signature="closeBrowser(org.testng.ITestResult)[pri:0, instance:com.ExitTest.tests.HomePageTests@2807bdeb]" started-at="2022-02-09T18:34:04Z" name="closeBrowser" finished-at="2022-02-09T18:34:05Z" duration-ms="835" status="PASS">
          <params>
            <param index="0">
              <value>
                <![CDATA[[TestResult name=removeWishlistProduct status=FAILURE method=HomePageTests.removeWishlistProduct()[pri:10, instance:com.ExitTest.tests.HomePageTests@2807bdeb] output={null}]]]>
              </value>
            </param>
          </params>
          <reporter-output>
          </reporter-output>
        </test-method> <!-- closeBrowser -->
        <test-method is-config="true" signature="initializeWebDriver()[pri:0, instance:com.ExitTest.tests.HomePageTests@2807bdeb]" started-at="2022-02-09T18:34:05Z" name="initializeWebDriver" finished-at="2022-02-09T18:34:06Z" duration-ms="1552" status="PASS">
          <reporter-output>
          </reporter-output>
        </test-method> <!-- initializeWebDriver -->
        <test-method is-config="true" signature="openUrl()[pri:0, instance:com.ExitTest.tests.HomePageTests@2807bdeb]" started-at="2022-02-09T18:34:06Z" name="openUrl" finished-at="2022-02-09T18:34:10Z" duration-ms="3672" status="PASS">
          <reporter-output>
          </reporter-output>
        </test-method> <!-- openUrl -->
        <test-method signature="myOrders()[pri:11, instance:com.ExitTest.tests.HomePageTests@2807bdeb]" started-at="2022-02-09T18:34:10Z" name="myOrders" finished-at="2022-02-09T18:34:27Z" duration-ms="16348" status="PASS">
          <reporter-output>
          </reporter-output>
        </test-method> <!-- myOrders -->
        <test-method is-config="true" signature="attachScreenshot(org.testng.ITestResult)[pri:0, instance:com.ExitTest.tests.HomePageTests@2807bdeb]" started-at="2022-02-09T18:34:27Z" name="attachScreenshot" finished-at="2022-02-09T18:34:27Z" duration-ms="1" status="PASS">
          <params>
            <param index="0">
              <value>
                <![CDATA[[TestResult name=myOrders status=SUCCESS method=HomePageTests.myOrders()[pri:11, instance:com.ExitTest.tests.HomePageTests@2807bdeb] output={null}]]]>
              </value>
            </param>
          </params>
          <reporter-output>
          </reporter-output>
        </test-method> <!-- attachScreenshot -->
        <test-method is-config="true" signature="closeBrowser(org.testng.ITestResult)[pri:0, instance:com.ExitTest.tests.HomePageTests@2807bdeb]" started-at="2022-02-09T18:34:27Z" name="closeBrowser" finished-at="2022-02-09T18:34:27Z" duration-ms="778" status="PASS">
          <params>
            <param index="0">
              <value>
                <![CDATA[[TestResult name=myOrders status=SUCCESS method=HomePageTests.myOrders()[pri:11, instance:com.ExitTest.tests.HomePageTests@2807bdeb] output={null}]]]>
              </value>
            </param>
          </params>
          <reporter-output>
          </reporter-output>
        </test-method> <!-- closeBrowser -->
        <test-method is-config="true" signature="initializeWebDriver()[pri:0, instance:com.ExitTest.tests.HomePageTests@2807bdeb]" started-at="2022-02-09T18:34:27Z" name="initializeWebDriver" finished-at="2022-02-09T18:34:29Z" duration-ms="1554" status="PASS">
          <reporter-output>
          </reporter-output>
        </test-method> <!-- initializeWebDriver -->
        <test-method is-config="true" signature="openUrl()[pri:0, instance:com.ExitTest.tests.HomePageTests@2807bdeb]" started-at="2022-02-09T18:34:29Z" name="openUrl" finished-at="2022-02-09T18:34:33Z" duration-ms="3917" status="PASS">
          <reporter-output>
          </reporter-output>
        </test-method> <!-- openUrl -->
        <test-method signature="superCoin()[pri:12, instance:com.ExitTest.tests.HomePageTests@2807bdeb]" started-at="2022-02-09T18:34:33Z" name="superCoin" finished-at="2022-02-09T18:35:11Z" duration-ms="38535" status="PASS">
          <reporter-output>
          </reporter-output>
        </test-method> <!-- superCoin -->
        <test-method is-config="true" signature="attachScreenshot(org.testng.ITestResult)[pri:0, instance:com.ExitTest.tests.HomePageTests@2807bdeb]" started-at="2022-02-09T18:35:11Z" name="attachScreenshot" finished-at="2022-02-09T18:35:11Z" duration-ms="1" status="PASS">
          <params>
            <param index="0">
              <value>
                <![CDATA[[TestResult name=superCoin status=SUCCESS method=HomePageTests.superCoin()[pri:12, instance:com.ExitTest.tests.HomePageTests@2807bdeb] output={null}]]]>
              </value>
            </param>
          </params>
          <reporter-output>
          </reporter-output>
        </test-method> <!-- attachScreenshot -->
        <test-method is-config="true" signature="closeBrowser(org.testng.ITestResult)[pri:0, instance:com.ExitTest.tests.HomePageTests@2807bdeb]" started-at="2022-02-09T18:35:11Z" name="closeBrowser" finished-at="2022-02-09T18:35:12Z" duration-ms="640" status="PASS">
          <params>
            <param index="0">
              <value>
                <![CDATA[[TestResult name=superCoin status=SUCCESS method=HomePageTests.superCoin()[pri:12, instance:com.ExitTest.tests.HomePageTests@2807bdeb] output={null}]]]>
              </value>
            </param>
          </params>
          <reporter-output>
          </reporter-output>
        </test-method> <!-- closeBrowser -->
        <test-method is-config="true" signature="initializeWebDriver()[pri:0, instance:com.ExitTest.tests.HomePageTests@2807bdeb]" started-at="2022-02-09T18:35:12Z" name="initializeWebDriver" finished-at="2022-02-09T18:35:13Z" duration-ms="1401" status="PASS">
          <reporter-output>
          </reporter-output>
        </test-method> <!-- initializeWebDriver -->
        <test-method is-config="true" signature="openUrl()[pri:0, instance:com.ExitTest.tests.HomePageTests@2807bdeb]" started-at="2022-02-09T18:35:13Z" name="openUrl" finished-at="2022-02-09T18:35:21Z" duration-ms="7904" status="PASS">
          <reporter-output>
          </reporter-output>
        </test-method> <!-- openUrl -->
        <test-method signature="flipkartLogo()[pri:13, instance:com.ExitTest.tests.HomePageTests@2807bdeb]" started-at="2022-02-09T18:35:21Z" name="flipkartLogo" finished-at="2022-02-09T18:35:38Z" duration-ms="16988" status="PASS">
          <reporter-output>
          </reporter-output>
        </test-method> <!-- flipkartLogo -->
        <test-method is-config="true" signature="attachScreenshot(org.testng.ITestResult)[pri:0, instance:com.ExitTest.tests.HomePageTests@2807bdeb]" started-at="2022-02-09T18:35:38Z" name="attachScreenshot" finished-at="2022-02-09T18:35:38Z" duration-ms="1" status="PASS">
          <params>
            <param index="0">
              <value>
                <![CDATA[[TestResult name=flipkartLogo status=SUCCESS method=HomePageTests.flipkartLogo()[pri:13, instance:com.ExitTest.tests.HomePageTests@2807bdeb] output={null}]]]>
              </value>
            </param>
          </params>
          <reporter-output>
          </reporter-output>
        </test-method> <!-- attachScreenshot -->
        <test-method is-config="true" signature="closeBrowser(org.testng.ITestResult)[pri:0, instance:com.ExitTest.tests.HomePageTests@2807bdeb]" started-at="2022-02-09T18:35:38Z" name="closeBrowser" finished-at="2022-02-09T18:35:39Z" duration-ms="734" status="PASS">
          <params>
            <param index="0">
              <value>
                <![CDATA[[TestResult name=flipkartLogo status=SUCCESS method=HomePageTests.flipkartLogo()[pri:13, instance:com.ExitTest.tests.HomePageTests@2807bdeb] output={null}]]]>
              </value>
            </param>
          </params>
          <reporter-output>
          </reporter-output>
        </test-method> <!-- closeBrowser -->
        <test-method is-config="true" signature="initializeWebDriver()[pri:0, instance:com.ExitTest.tests.HomePageTests@2807bdeb]" started-at="2022-02-09T18:35:39Z" name="initializeWebDriver" finished-at="2022-02-09T18:35:40Z" duration-ms="1430" status="PASS">
          <reporter-output>
          </reporter-output>
        </test-method> <!-- initializeWebDriver -->
        <test-method is-config="true" signature="openUrl()[pri:0, instance:com.ExitTest.tests.HomePageTests@2807bdeb]" started-at="2022-02-09T18:35:40Z" name="openUrl" finished-at="2022-02-09T18:35:45Z" duration-ms="4215" status="PASS">
          <reporter-output>
          </reporter-output>
        </test-method> <!-- openUrl -->
        <test-method signature="flipkartPlusZone()[pri:14, instance:com.ExitTest.tests.HomePageTests@2807bdeb]" started-at="2022-02-09T18:35:45Z" name="flipkartPlusZone" finished-at="2022-02-09T18:36:07Z" duration-ms="22368" status="PASS">
          <reporter-output>
          </reporter-output>
        </test-method> <!-- flipkartPlusZone -->
        <test-method is-config="true" signature="attachScreenshot(org.testng.ITestResult)[pri:0, instance:com.ExitTest.tests.HomePageTests@2807bdeb]" started-at="2022-02-09T18:36:07Z" name="attachScreenshot" finished-at="2022-02-09T18:36:07Z" duration-ms="1" status="PASS">
          <params>
            <param index="0">
              <value>
                <![CDATA[[TestResult name=flipkartPlusZone status=SUCCESS method=HomePageTests.flipkartPlusZone()[pri:14, instance:com.ExitTest.tests.HomePageTests@2807bdeb] output={null}]]]>
              </value>
            </param>
          </params>
          <reporter-output>
          </reporter-output>
        </test-method> <!-- attachScreenshot -->
        <test-method is-config="true" signature="closeBrowser(org.testng.ITestResult)[pri:0, instance:com.ExitTest.tests.HomePageTests@2807bdeb]" started-at="2022-02-09T18:36:07Z" name="closeBrowser" finished-at="2022-02-09T18:36:08Z" duration-ms="718" status="PASS">
          <params>
            <param index="0">
              <value>
                <![CDATA[[TestResult name=flipkartPlusZone status=SUCCESS method=HomePageTests.flipkartPlusZone()[pri:14, instance:com.ExitTest.tests.HomePageTests@2807bdeb] output={null}]]]>
              </value>
            </param>
          </params>
          <reporter-output>
          </reporter-output>
        </test-method> <!-- closeBrowser -->
        <test-method is-config="true" signature="initializeWebDriver()[pri:0, instance:com.ExitTest.tests.HomePageTests@2807bdeb]" started-at="2022-02-09T18:36:08Z" name="initializeWebDriver" finished-at="2022-02-09T18:36:09Z" duration-ms="1499" status="PASS">
          <reporter-output>
          </reporter-output>
        </test-method> <!-- initializeWebDriver -->
        <test-method is-config="true" signature="openUrl()[pri:0, instance:com.ExitTest.tests.HomePageTests@2807bdeb]" started-at="2022-02-09T18:36:09Z" name="openUrl" finished-at="2022-02-09T18:36:14Z" duration-ms="4584" status="PASS">
          <reporter-output>
          </reporter-output>
        </test-method> <!-- openUrl -->
        <test-method signature="flipkartCoupons()[pri:15, instance:com.ExitTest.tests.HomePageTests@2807bdeb]" started-at="2022-02-09T18:36:14Z" name="flipkartCoupons" finished-at="2022-02-09T18:36:35Z" duration-ms="21322" status="PASS">
          <reporter-output>
          </reporter-output>
        </test-method> <!-- flipkartCoupons -->
        <test-method is-config="true" signature="closeBrowser(org.testng.ITestResult)[pri:0, instance:com.ExitTest.tests.HomePageTests@2807bdeb]" started-at="2022-02-09T18:36:35Z" name="closeBrowser" finished-at="2022-02-09T18:36:36Z" duration-ms="700" status="PASS">
          <params>
            <param index="0">
              <value>
                <![CDATA[[TestResult name=flipkartCoupons status=SUCCESS method=HomePageTests.flipkartCoupons()[pri:15, instance:com.ExitTest.tests.HomePageTests@2807bdeb] output={null}]]]>
              </value>
            </param>
          </params>
          <reporter-output>
          </reporter-output>
        </test-method> <!-- closeBrowser -->
        <test-method is-config="true" signature="attachScreenshot(org.testng.ITestResult)[pri:0, instance:com.ExitTest.tests.HomePageTests@2807bdeb]" started-at="2022-02-09T18:36:35Z" name="attachScreenshot" finished-at="2022-02-09T18:36:35Z" duration-ms="0" status="PASS">
          <params>
            <param index="0">
              <value>
                <![CDATA[[TestResult name=flipkartCoupons status=SUCCESS method=HomePageTests.flipkartCoupons()[pri:15, instance:com.ExitTest.tests.HomePageTests@2807bdeb] output={null}]]]>
              </value>
            </param>
          </params>
          <reporter-output>
          </reporter-output>
        </test-method> <!-- attachScreenshot -->
        <test-method is-config="true" signature="initializeWebDriver()[pri:0, instance:com.ExitTest.tests.HomePageTests@2807bdeb]" started-at="2022-02-09T18:36:36Z" name="initializeWebDriver" finished-at="2022-02-09T18:36:37Z" duration-ms="1382" status="PASS">
          <reporter-output>
          </reporter-output>
        </test-method> <!-- initializeWebDriver -->
        <test-method is-config="true" signature="openUrl()[pri:0, instance:com.ExitTest.tests.HomePageTests@2807bdeb]" started-at="2022-02-09T18:36:37Z" name="openUrl" finished-at="2022-02-09T18:36:42Z" duration-ms="4384" status="PASS">
          <reporter-output>
          </reporter-output>
        </test-method> <!-- openUrl -->
        <test-method signature="flipkartNotifications()[pri:16, instance:com.ExitTest.tests.HomePageTests@2807bdeb]" started-at="2022-02-09T18:36:42Z" name="flipkartNotifications" finished-at="2022-02-09T18:37:03Z" duration-ms="21613" status="PASS">
          <reporter-output>
          </reporter-output>
        </test-method> <!-- flipkartNotifications -->
        <test-method is-config="true" signature="closeBrowser(org.testng.ITestResult)[pri:0, instance:com.ExitTest.tests.HomePageTests@2807bdeb]" started-at="2022-02-09T18:37:03Z" name="closeBrowser" finished-at="2022-02-09T18:37:04Z" duration-ms="719" status="PASS">
          <params>
            <param index="0">
              <value>
                <![CDATA[[TestResult name=flipkartNotifications status=SUCCESS method=HomePageTests.flipkartNotifications()[pri:16, instance:com.ExitTest.tests.HomePageTests@2807bdeb] output={null}]]]>
              </value>
            </param>
          </params>
          <reporter-output>
          </reporter-output>
        </test-method> <!-- closeBrowser -->
        <test-method is-config="true" signature="attachScreenshot(org.testng.ITestResult)[pri:0, instance:com.ExitTest.tests.HomePageTests@2807bdeb]" started-at="2022-02-09T18:37:03Z" name="attachScreenshot" finished-at="2022-02-09T18:37:03Z" duration-ms="0" status="PASS">
          <params>
            <param index="0">
              <value>
                <![CDATA[[TestResult name=flipkartNotifications status=SUCCESS method=HomePageTests.flipkartNotifications()[pri:16, instance:com.ExitTest.tests.HomePageTests@2807bdeb] output={null}]]]>
              </value>
            </param>
          </params>
          <reporter-output>
          </reporter-output>
        </test-method> <!-- attachScreenshot -->
        <test-method is-config="true" signature="initializeWebDriver()[pri:0, instance:com.ExitTest.tests.HomePageTests@2807bdeb]" started-at="2022-02-09T18:37:04Z" name="initializeWebDriver" finished-at="2022-02-09T18:37:05Z" duration-ms="1444" status="PASS">
          <reporter-output>
          </reporter-output>
        </test-method> <!-- initializeWebDriver -->
        <test-method is-config="true" signature="openUrl()[pri:0, instance:com.ExitTest.tests.HomePageTests@2807bdeb]" started-at="2022-02-09T18:37:05Z" name="openUrl" finished-at="2022-02-09T18:37:11Z" duration-ms="5970" status="PASS">
          <reporter-output>
          </reporter-output>
        </test-method> <!-- openUrl -->
        <test-method signature="flipkartFilterType()[pri:17, instance:com.ExitTest.tests.HomePageTests@2807bdeb]" started-at="2022-02-09T18:37:11Z" name="flipkartFilterType" finished-at="2022-02-09T18:37:31Z" duration-ms="20145" status="PASS">
          <reporter-output>
          </reporter-output>
        </test-method> <!-- flipkartFilterType -->
        <test-method is-config="true" signature="attachScreenshot(org.testng.ITestResult)[pri:0, instance:com.ExitTest.tests.HomePageTests@2807bdeb]" started-at="2022-02-09T18:37:31Z" name="attachScreenshot" finished-at="2022-02-09T18:37:31Z" duration-ms="1" status="PASS">
          <params>
            <param index="0">
              <value>
                <![CDATA[[TestResult name=flipkartFilterType status=SUCCESS method=HomePageTests.flipkartFilterType()[pri:17, instance:com.ExitTest.tests.HomePageTests@2807bdeb] output={null}]]]>
              </value>
            </param>
          </params>
          <reporter-output>
          </reporter-output>
        </test-method> <!-- attachScreenshot -->
        <test-method is-config="true" signature="closeBrowser(org.testng.ITestResult)[pri:0, instance:com.ExitTest.tests.HomePageTests@2807bdeb]" started-at="2022-02-09T18:37:31Z" name="closeBrowser" finished-at="2022-02-09T18:37:32Z" duration-ms="751" status="PASS">
          <params>
            <param index="0">
              <value>
                <![CDATA[[TestResult name=flipkartFilterType status=SUCCESS method=HomePageTests.flipkartFilterType()[pri:17, instance:com.ExitTest.tests.HomePageTests@2807bdeb] output={null}]]]>
              </value>
            </param>
          </params>
          <reporter-output>
          </reporter-output>
        </test-method> <!-- closeBrowser -->
        <test-method is-config="true" signature="initializeWebDriver()[pri:0, instance:com.ExitTest.tests.HomePageTests@2807bdeb]" started-at="2022-02-09T18:37:32Z" name="initializeWebDriver" finished-at="2022-02-09T18:37:34Z" duration-ms="1477" status="PASS">
          <reporter-output>
          </reporter-output>
        </test-method> <!-- initializeWebDriver -->
        <test-method is-config="true" signature="openUrl()[pri:0, instance:com.ExitTest.tests.HomePageTests@2807bdeb]" started-at="2022-02-09T18:37:34Z" name="openUrl" finished-at="2022-02-09T18:37:39Z" duration-ms="4894" status="PASS">
          <reporter-output>
          </reporter-output>
        </test-method> <!-- openUrl -->
        <test-method signature="sortLowToHigh()[pri:18, instance:com.ExitTest.tests.HomePageTests@2807bdeb]" started-at="2022-02-09T18:37:39Z" name="sortLowToHigh" finished-at="2022-02-09T18:38:02Z" duration-ms="23271" status="PASS">
          <reporter-output>
          </reporter-output>
        </test-method> <!-- sortLowToHigh -->
        <test-method is-config="true" signature="attachScreenshot(org.testng.ITestResult)[pri:0, instance:com.ExitTest.tests.HomePageTests@2807bdeb]" started-at="2022-02-09T18:38:02Z" name="attachScreenshot" finished-at="2022-02-09T18:38:02Z" duration-ms="1" status="PASS">
          <params>
            <param index="0">
              <value>
                <![CDATA[[TestResult name=sortLowToHigh status=SUCCESS method=HomePageTests.sortLowToHigh()[pri:18, instance:com.ExitTest.tests.HomePageTests@2807bdeb] output={null}]]]>
              </value>
            </param>
          </params>
          <reporter-output>
          </reporter-output>
        </test-method> <!-- attachScreenshot -->
        <test-method is-config="true" signature="closeBrowser(org.testng.ITestResult)[pri:0, instance:com.ExitTest.tests.HomePageTests@2807bdeb]" started-at="2022-02-09T18:38:02Z" name="closeBrowser" finished-at="2022-02-09T18:38:03Z" duration-ms="704" status="PASS">
          <params>
            <param index="0">
              <value>
                <![CDATA[[TestResult name=sortLowToHigh status=SUCCESS method=HomePageTests.sortLowToHigh()[pri:18, instance:com.ExitTest.tests.HomePageTests@2807bdeb] output={null}]]]>
              </value>
            </param>
          </params>
          <reporter-output>
          </reporter-output>
        </test-method> <!-- closeBrowser -->
      </class> <!-- com.ExitTest.tests.HomePageTests -->
      <class name="com.ExitTest.tests.LogoutPageTests">
        <test-method is-config="true" signature="initializeWebDriver()[pri:0, instance:com.ExitTest.tests.LogoutPageTests@18920cc]" started-at="2022-02-09T18:32:44Z" name="initializeWebDriver" finished-at="2022-02-09T18:32:45Z" duration-ms="1447" status="PASS">
          <reporter-output>
          </reporter-output>
        </test-method> <!-- initializeWebDriver -->
        <test-method is-config="true" signature="openUrl()[pri:0, instance:com.ExitTest.tests.LogoutPageTests@18920cc]" started-at="2022-02-09T18:32:45Z" name="openUrl" finished-at="2022-02-09T18:32:50Z" duration-ms="4938" status="PASS">
          <reporter-output>
          </reporter-output>
        </test-method> <!-- openUrl -->
        <test-method signature="logout()[pri:7, instance:com.ExitTest.tests.LogoutPageTests@18920cc]" started-at="2022-02-09T18:32:50Z" name="logout" finished-at="2022-02-09T18:33:15Z" duration-ms="24171" status="PASS">
          <reporter-output>
          </reporter-output>
        </test-method> <!-- logout -->
        <test-method is-config="true" signature="attachScreenshot(org.testng.ITestResult)[pri:0, instance:com.ExitTest.tests.LogoutPageTests@18920cc]" started-at="2022-02-09T18:33:15Z" name="attachScreenshot" finished-at="2022-02-09T18:33:15Z" duration-ms="1" status="PASS">
          <params>
            <param index="0">
              <value>
                <![CDATA[[TestResult name=logout status=SUCCESS method=LogoutPageTests.logout()[pri:7, instance:com.ExitTest.tests.LogoutPageTests@18920cc] output={null}]]]>
              </value>
            </param>
          </params>
          <reporter-output>
          </reporter-output>
        </test-method> <!-- attachScreenshot -->
        <test-method is-config="true" signature="closeBrowser(org.testng.ITestResult)[pri:0, instance:com.ExitTest.tests.LogoutPageTests@18920cc]" started-at="2022-02-09T18:33:15Z" name="closeBrowser" finished-at="2022-02-09T18:33:15Z" duration-ms="764" status="PASS">
          <params>
            <param index="0">
              <value>
                <![CDATA[[TestResult name=logout status=SUCCESS method=LogoutPageTests.logout()[pri:7, instance:com.ExitTest.tests.LogoutPageTests@18920cc] output={null}]]]>
              </value>
            </param>
          </params>
          <reporter-output>
          </reporter-output>
        </test-method> <!-- closeBrowser -->
      </class> <!-- com.ExitTest.tests.LogoutPageTests -->
      <class name="com.ExitTest.tests.LoginPageTests">
        <test-method is-config="true" signature="setExtent()[pri:0, instance:com.ExitTest.tests.LoginPageTests@6ebf0f36]" started-at="2022-02-09T18:32:07Z" name="setExtent" finished-at="2022-02-09T18:32:07Z" duration-ms="122" status="PASS">
          <reporter-output>
          </reporter-output>
        </test-method> <!-- setExtent -->
        <test-method is-config="true" signature="initializeWebDriver()[pri:0, instance:com.ExitTest.tests.LoginPageTests@6ebf0f36]" started-at="2022-02-09T18:32:07Z" name="initializeWebDriver" finished-at="2022-02-09T18:32:09Z" duration-ms="1907" status="PASS">
          <reporter-output>
          </reporter-output>
        </test-method> <!-- initializeWebDriver -->
        <test-method is-config="true" signature="openUrl()[pri:0, instance:com.ExitTest.tests.LoginPageTests@6ebf0f36]" started-at="2022-02-09T18:32:09Z" name="openUrl" finished-at="2022-02-09T18:32:16Z" duration-ms="6898" status="PASS">
          <reporter-output>
          </reporter-output>
        </test-method> <!-- openUrl -->
        <test-method signature="validLogin()[pri:1, instance:com.ExitTest.tests.LoginPageTests@6ebf0f36]" started-at="2022-02-09T18:32:16Z" name="validLogin" finished-at="2022-02-09T18:32:19Z" duration-ms="2583" status="PASS">
          <reporter-output>
          </reporter-output>
        </test-method> <!-- validLogin -->
        <test-method is-config="true" signature="attachScreenshot(org.testng.ITestResult)[pri:0, instance:com.ExitTest.tests.LoginPageTests@6ebf0f36]" started-at="2022-02-09T18:32:19Z" name="attachScreenshot" finished-at="2022-02-09T18:32:19Z" duration-ms="3" status="PASS">
          <params>
            <param index="0">
              <value>
                <![CDATA[[TestResult name=validLogin status=SUCCESS method=LoginPageTests.validLogin()[pri:1, instance:com.ExitTest.tests.LoginPageTests@6ebf0f36] output={null}]]]>
              </value>
            </param>
          </params>
          <reporter-output>
          </reporter-output>
        </test-method> <!-- attachScreenshot -->
        <test-method is-config="true" signature="closeBrowser(org.testng.ITestResult)[pri:0, instance:com.ExitTest.tests.LoginPageTests@6ebf0f36]" started-at="2022-02-09T18:32:19Z" name="closeBrowser" finished-at="2022-02-09T18:32:19Z" duration-ms="657" status="PASS">
          <params>
            <param index="0">
              <value>
                <![CDATA[[TestResult name=validLogin status=SUCCESS method=LoginPageTests.validLogin()[pri:1, instance:com.ExitTest.tests.LoginPageTests@6ebf0f36] output={null}]]]>
              </value>
            </param>
          </params>
          <reporter-output>
          </reporter-output>
        </test-method> <!-- closeBrowser -->
        <test-method is-config="true" signature="initializeWebDriver()[pri:0, instance:com.ExitTest.tests.LoginPageTests@6ebf0f36]" started-at="2022-02-09T18:32:19Z" name="initializeWebDriver" finished-at="2022-02-09T18:32:21Z" duration-ms="1612" status="PASS">
          <reporter-output>
          </reporter-output>
        </test-method> <!-- initializeWebDriver -->
        <test-method is-config="true" signature="openUrl()[pri:0, instance:com.ExitTest.tests.LoginPageTests@6ebf0f36]" started-at="2022-02-09T18:32:21Z" name="openUrl" finished-at="2022-02-09T18:32:25Z" duration-ms="4236" status="PASS">
          <reporter-output>
          </reporter-output>
        </test-method> <!-- openUrl -->
        <test-method signature="invalidUsername()[pri:2, instance:com.ExitTest.tests.LoginPageTests@6ebf0f36]" started-at="2022-02-09T18:32:25Z" name="invalidUsername" finished-at="2022-02-09T18:32:28Z" duration-ms="2678" status="PASS">
          <reporter-output>
          </reporter-output>
        </test-method> <!-- invalidUsername -->
        <test-method is-config="true" signature="attachScreenshot(org.testng.ITestResult)[pri:0, instance:com.ExitTest.tests.LoginPageTests@6ebf0f36]" started-at="2022-02-09T18:32:28Z" name="attachScreenshot" finished-at="2022-02-09T18:32:28Z" duration-ms="0" status="PASS">
          <params>
            <param index="0">
              <value>
                <![CDATA[[TestResult name=invalidUsername status=SUCCESS method=LoginPageTests.invalidUsername()[pri:2, instance:com.ExitTest.tests.LoginPageTests@6ebf0f36] output={null}]]]>
              </value>
            </param>
          </params>
          <reporter-output>
          </reporter-output>
        </test-method> <!-- attachScreenshot -->
        <test-method is-config="true" signature="closeBrowser(org.testng.ITestResult)[pri:0, instance:com.ExitTest.tests.LoginPageTests@6ebf0f36]" started-at="2022-02-09T18:32:28Z" name="closeBrowser" finished-at="2022-02-09T18:32:29Z" duration-ms="707" status="PASS">
          <params>
            <param index="0">
              <value>
                <![CDATA[[TestResult name=invalidUsername status=SUCCESS method=LoginPageTests.invalidUsername()[pri:2, instance:com.ExitTest.tests.LoginPageTests@6ebf0f36] output={null}]]]>
              </value>
            </param>
          </params>
          <reporter-output>
          </reporter-output>
        </test-method> <!-- closeBrowser -->
        <test-method is-config="true" signature="initializeWebDriver()[pri:0, instance:com.ExitTest.tests.LoginPageTests@6ebf0f36]" started-at="2022-02-09T18:32:29Z" name="initializeWebDriver" finished-at="2022-02-09T18:32:30Z" duration-ms="1414" status="PASS">
          <reporter-output>
          </reporter-output>
        </test-method> <!-- initializeWebDriver -->
        <test-method is-config="true" signature="openUrl()[pri:0, instance:com.ExitTest.tests.LoginPageTests@6ebf0f36]" started-at="2022-02-09T18:32:30Z" name="openUrl" finished-at="2022-02-09T18:32:35Z" duration-ms="5467" status="PASS">
          <reporter-output>
          </reporter-output>
        </test-method> <!-- openUrl -->
        <test-method signature="invalidPassword()[pri:3, instance:com.ExitTest.tests.LoginPageTests@6ebf0f36]" started-at="2022-02-09T18:32:35Z" name="invalidPassword" finished-at="2022-02-09T18:32:36Z" duration-ms="749" status="PASS">
          <reporter-output>
          </reporter-output>
        </test-method> <!-- invalidPassword -->
        <test-method is-config="true" signature="closeBrowser(org.testng.ITestResult)[pri:0, instance:com.ExitTest.tests.LoginPageTests@6ebf0f36]" started-at="2022-02-09T18:32:36Z" name="closeBrowser" finished-at="2022-02-09T18:32:37Z" duration-ms="722" status="PASS">
          <params>
            <param index="0">
              <value>
                <![CDATA[[TestResult name=invalidPassword status=SUCCESS method=LoginPageTests.invalidPassword()[pri:3, instance:com.ExitTest.tests.LoginPageTests@6ebf0f36] output={null}]]]>
              </value>
            </param>
          </params>
          <reporter-output>
          </reporter-output>
        </test-method> <!-- closeBrowser -->
        <test-method is-config="true" signature="attachScreenshot(org.testng.ITestResult)[pri:0, instance:com.ExitTest.tests.LoginPageTests@6ebf0f36]" started-at="2022-02-09T18:32:36Z" name="attachScreenshot" finished-at="2022-02-09T18:32:36Z" duration-ms="0" status="PASS">
          <params>
            <param index="0">
              <value>
                <![CDATA[[TestResult name=invalidPassword status=SUCCESS method=LoginPageTests.invalidPassword()[pri:3, instance:com.ExitTest.tests.LoginPageTests@6ebf0f36] output={null}]]]>
              </value>
            </param>
          </params>
          <reporter-output>
          </reporter-output>
        </test-method> <!-- attachScreenshot -->
        <test-method is-config="true" signature="initializeWebDriver()[pri:0, instance:com.ExitTest.tests.LoginPageTests@6ebf0f36]" started-at="2022-02-09T18:32:37Z" name="initializeWebDriver" finished-at="2022-02-09T18:32:38Z" duration-ms="1463" status="PASS">
          <reporter-output>
          </reporter-output>
        </test-method> <!-- initializeWebDriver -->
        <test-method is-config="true" signature="openUrl()[pri:0, instance:com.ExitTest.tests.LoginPageTests@6ebf0f36]" started-at="2022-02-09T18:32:38Z" name="openUrl" finished-at="2022-02-09T18:32:43Z" duration-ms="4460" status="PASS">
          <reporter-output>
          </reporter-output>
        </test-method> <!-- openUrl -->
        <test-method signature="invalidUsernameAndPassword()[pri:4, instance:com.ExitTest.tests.LoginPageTests@6ebf0f36]" started-at="2022-02-09T18:32:43Z" name="invalidUsernameAndPassword" finished-at="2022-02-09T18:32:43Z" duration-ms="419" status="PASS">
          <reporter-output>
          </reporter-output>
        </test-method> <!-- invalidUsernameAndPassword -->
        <test-method is-config="true" signature="attachScreenshot(org.testng.ITestResult)[pri:0, instance:com.ExitTest.tests.LoginPageTests@6ebf0f36]" started-at="2022-02-09T18:32:43Z" name="attachScreenshot" finished-at="2022-02-09T18:32:43Z" duration-ms="1" status="PASS">
          <params>
            <param index="0">
              <value>
                <![CDATA[[TestResult name=invalidUsernameAndPassword status=SUCCESS method=LoginPageTests.invalidUsernameAndPassword()[pri:4, instance:com.ExitTest.tests.LoginPageTests@6ebf0f36] output={null}]]]>
              </value>
            </param>
          </params>
          <reporter-output>
          </reporter-output>
        </test-method> <!-- attachScreenshot -->
        <test-method is-config="true" signature="closeBrowser(org.testng.ITestResult)[pri:0, instance:com.ExitTest.tests.LoginPageTests@6ebf0f36]" started-at="2022-02-09T18:32:43Z" name="closeBrowser" finished-at="2022-02-09T18:32:44Z" duration-ms="651" status="PASS">
          <params>
            <param index="0">
              <value>
                <![CDATA[[TestResult name=invalidUsernameAndPassword status=SUCCESS method=LoginPageTests.invalidUsernameAndPassword()[pri:4, instance:com.ExitTest.tests.LoginPageTests@6ebf0f36] output={null}]]]>
              </value>
            </param>
          </params>
          <reporter-output>
          </reporter-output>
        </test-method> <!-- closeBrowser -->
        <test-method is-config="true" signature="endReport()[pri:0, instance:com.ExitTest.tests.LoginPageTests@6ebf0f36]" started-at="2022-02-09T18:40:23Z" name="endReport" finished-at="2022-02-09T18:40:24Z" duration-ms="246" status="PASS">
          <reporter-output>
          </reporter-output>
        </test-method> <!-- endReport -->
      </class> <!-- com.ExitTest.tests.LoginPageTests -->
      <class name="com.ExitTest.tests.CartTests">
        <test-method is-config="true" signature="initializeWebDriver()[pri:0, instance:com.ExitTest.tests.CartTests@72c28d64]" started-at="2022-02-09T18:38:03Z" name="initializeWebDriver" finished-at="2022-02-09T18:38:04Z" duration-ms="1498" status="PASS">
          <reporter-output>
          </reporter-output>
        </test-method> <!-- initializeWebDriver -->
        <test-method is-config="true" signature="openUrl()[pri:0, instance:com.ExitTest.tests.CartTests@72c28d64]" started-at="2022-02-09T18:38:04Z" name="openUrl" finished-at="2022-02-09T18:38:11Z" duration-ms="6676" status="PASS">
          <reporter-output>
          </reporter-output>
        </test-method> <!-- openUrl -->
        <test-method signature="AddProductToCart()[pri:18, instance:com.ExitTest.tests.CartTests@72c28d64]" started-at="2022-02-09T18:38:11Z" name="AddProductToCart" finished-at="2022-02-09T18:38:31Z" duration-ms="20615" status="PASS">
          <reporter-output>
          </reporter-output>
        </test-method> <!-- AddProductToCart -->
        <test-method is-config="true" signature="attachScreenshot(org.testng.ITestResult)[pri:0, instance:com.ExitTest.tests.CartTests@72c28d64]" started-at="2022-02-09T18:38:31Z" name="attachScreenshot" finished-at="2022-02-09T18:38:31Z" duration-ms="1" status="PASS">
          <params>
            <param index="0">
              <value>
                <![CDATA[[TestResult name=AddProductToCart status=SUCCESS method=CartTests.AddProductToCart()[pri:18, instance:com.ExitTest.tests.CartTests@72c28d64] output={null}]]]>
              </value>
            </param>
          </params>
          <reporter-output>
          </reporter-output>
        </test-method> <!-- attachScreenshot -->
        <test-method is-config="true" signature="closeBrowser(org.testng.ITestResult)[pri:0, instance:com.ExitTest.tests.CartTests@72c28d64]" started-at="2022-02-09T18:38:31Z" name="closeBrowser" finished-at="2022-02-09T18:38:32Z" duration-ms="695" status="PASS">
          <params>
            <param index="0">
              <value>
                <![CDATA[[TestResult name=AddProductToCart status=SUCCESS method=CartTests.AddProductToCart()[pri:18, instance:com.ExitTest.tests.CartTests@72c28d64] output={null}]]]>
              </value>
            </param>
          </params>
          <reporter-output>
          </reporter-output>
        </test-method> <!-- closeBrowser -->
        <test-method is-config="true" signature="initializeWebDriver()[pri:0, instance:com.ExitTest.tests.CartTests@72c28d64]" started-at="2022-02-09T18:38:32Z" name="initializeWebDriver" finished-at="2022-02-09T18:38:34Z" duration-ms="1449" status="PASS">
          <reporter-output>
          </reporter-output>
        </test-method> <!-- initializeWebDriver -->
        <test-method is-config="true" signature="openUrl()[pri:0, instance:com.ExitTest.tests.CartTests@72c28d64]" started-at="2022-02-09T18:38:34Z" name="openUrl" finished-at="2022-02-09T18:38:38Z" duration-ms="4621" status="PASS">
          <reporter-output>
          </reporter-output>
        </test-method> <!-- openUrl -->
        <test-method signature="RemoveProductFromCart()[pri:19, instance:com.ExitTest.tests.CartTests@72c28d64]" started-at="2022-02-09T18:38:38Z" name="RemoveProductFromCart" finished-at="2022-02-09T18:39:15Z" duration-ms="37046" status="FAIL">
          <exception class="org.openqa.selenium.NoSuchElementException">
            <message>
              <![CDATA[no such element: Unable to locate element: {"method":"xpath","selector":"//a[normalize-space()='10']"}
  (Session info: chrome=97.0.4692.99)
For documentation on this error, please visit: https://www.seleniumhq.org/exceptions/no_such_element.html
Build info: version: '3.141.59', revision: 'e82be7d358', time: '2018-11-14T08:17:03'
System info: host: 'YASH_PATEL', ip: '192.168.167.71', os.name: 'Windows 10', os.arch: 'amd64', os.version: '10.0', java.version: '11.0.11'
Driver info: org.openqa.selenium.chrome.ChromeDriver
Capabilities {acceptInsecureCerts: false, browserName: chrome, browserVersion: 97.0.4692.99, chrome: {chromedriverVersion: 97.0.4692.71 (adefa7837d02a..., userDataDir: C:\Users\YASHPA~1\AppData\L...}, goog:chromeOptions: {debuggerAddress: localhost:58729}, javascriptEnabled: true, networkConnectionEnabled: false, pageLoadStrategy: normal, platform: WINDOWS, platformName: WINDOWS, proxy: Proxy(), setWindowRect: true, strictFileInteractability: false, timeouts: {implicit: 0, pageLoad: 300000, script: 30000}, unhandledPromptBehavior: dismiss and notify, webauthn:extension:credBlob: true, webauthn:extension:largeBlob: true, webauthn:virtualAuthenticators: true}
Session ID: 3c3f153c8df47f17f28e716e5233810f
*** Element info: {Using=xpath, value=//a[normalize-space()='10']}]]>
            </message>
            <full-stacktrace>
              <![CDATA[org.openqa.selenium.NoSuchElementException: no such element: Unable to locate element: {"method":"xpath","selector":"//a[normalize-space()='10']"}
  (Session info: chrome=97.0.4692.99)
For documentation on this error, please visit: https://www.seleniumhq.org/exceptions/no_such_element.html
Build info: version: '3.141.59', revision: 'e82be7d358', time: '2018-11-14T08:17:03'
System info: host: 'YASH_PATEL', ip: '192.168.167.71', os.name: 'Windows 10', os.arch: 'amd64', os.version: '10.0', java.version: '11.0.11'
Driver info: org.openqa.selenium.chrome.ChromeDriver
Capabilities {acceptInsecureCerts: false, browserName: chrome, browserVersion: 97.0.4692.99, chrome: {chromedriverVersion: 97.0.4692.71 (adefa7837d02a..., userDataDir: C:\Users\YASHPA~1\AppData\L...}, goog:chromeOptions: {debuggerAddress: localhost:58729}, javascriptEnabled: true, networkConnectionEnabled: false, pageLoadStrategy: normal, platform: WINDOWS, platformName: WINDOWS, proxy: Proxy(), setWindowRect: true, strictFileInteractability: false, timeouts: {implicit: 0, pageLoad: 300000, script: 30000}, unhandledPromptBehavior: dismiss and notify, webauthn:extension:credBlob: true, webauthn:extension:largeBlob: true, webauthn:virtualAuthenticators: true}
Session ID: 3c3f153c8df47f17f28e716e5233810f
*** Element info: {Using=xpath, value=//a[normalize-space()='10']}
at java.base/jdk.internal.reflect.NativeConstructorAccessorImpl.newInstance0(Native Method)
at java.base/jdk.internal.reflect.NativeConstructorAccessorImpl.newInstance(NativeConstructorAccessorImpl.java:62)
at java.base/jdk.internal.reflect.DelegatingConstructorAccessorImpl.newInstance(DelegatingConstructorAccessorImpl.java:45)
at java.base/java.lang.reflect.Constructor.newInstance(Constructor.java:490)
at org.openqa.selenium.remote.http.W3CHttpResponseCodec.createException(W3CHttpResponseCodec.java:187)
at org.openqa.selenium.remote.http.W3CHttpResponseCodec.decode(W3CHttpResponseCodec.java:122)
at org.openqa.selenium.remote.http.W3CHttpResponseCodec.decode(W3CHttpResponseCodec.java:49)
at org.openqa.selenium.remote.HttpCommandExecutor.execute(HttpCommandExecutor.java:158)
at org.openqa.selenium.remote.service.DriverCommandExecutor.execute(DriverCommandExecutor.java:83)
at org.openqa.selenium.remote.RemoteWebDriver.execute(RemoteWebDriver.java:552)
at org.openqa.selenium.remote.RemoteWebDriver.findElement(RemoteWebDriver.java:323)
at org.openqa.selenium.remote.RemoteWebDriver.findElementByXPath(RemoteWebDriver.java:428)
at org.openqa.selenium.By$ByXPath.findElement(By.java:353)
at org.openqa.selenium.remote.RemoteWebDriver.findElement(RemoteWebDriver.java:315)
at org.openqa.selenium.support.pagefactory.DefaultElementLocator.findElement(DefaultElementLocator.java:69)
at org.openqa.selenium.support.pagefactory.internal.LocatingElementHandler.invoke(LocatingElementHandler.java:38)
at com.sun.proxy.$Proxy15.click(Unknown Source)
at com.ExitTest.pages.CartTest.clickProduct(CartTest.java:71)
at com.ExitTest.tests.CartTests.RemoveProductFromCart(CartTests.java:97)
at java.base/jdk.internal.reflect.NativeMethodAccessorImpl.invoke0(Native Method)
at java.base/jdk.internal.reflect.NativeMethodAccessorImpl.invoke(NativeMethodAccessorImpl.java:62)
at java.base/jdk.internal.reflect.DelegatingMethodAccessorImpl.invoke(DelegatingMethodAccessorImpl.java:43)
at java.base/java.lang.reflect.Method.invoke(Method.java:566)
at org.testng.internal.MethodInvocationHelper.invokeMethod(MethodInvocationHelper.java:124)
at org.testng.internal.Invoker.invokeMethod(Invoker.java:583)
at org.testng.internal.Invoker.invokeTestMethod(Invoker.java:719)
at org.testng.internal.Invoker.invokeTestMethods(Invoker.java:989)
at org.testng.internal.TestMethodWorker.invokeTestMethods(TestMethodWorker.java:125)
at org.testng.internal.TestMethodWorker.run(TestMethodWorker.java:109)
at org.testng.TestRunner.privateRun(TestRunner.java:648)
at org.testng.TestRunner.run(TestRunner.java:505)
at org.testng.SuiteRunner.runTest(SuiteRunner.java:455)
at org.testng.SuiteRunner.runSequentially(SuiteRunner.java:450)
at org.testng.SuiteRunner.privateRun(SuiteRunner.java:415)
at org.testng.SuiteRunner.run(SuiteRunner.java:364)
at org.testng.SuiteRunnerWorker.runSuite(SuiteRunnerWorker.java:52)
at org.testng.SuiteRunnerWorker.run(SuiteRunnerWorker.java:84)
at org.testng.TestNG.runSuitesSequentially(TestNG.java:1208)
at org.testng.TestNG.runSuitesLocally(TestNG.java:1137)
at org.testng.TestNG.runSuites(TestNG.java:1049)
at org.testng.TestNG.run(TestNG.java:1017)
at org.testng.remote.AbstractRemoteTestNG.run(AbstractRemoteTestNG.java:115)
at org.testng.remote.RemoteTestNG.initAndRun(RemoteTestNG.java:251)
at org.testng.remote.RemoteTestNG.main(RemoteTestNG.java:77)
]]>
            </full-stacktrace>
          </exception> <!-- org.openqa.selenium.NoSuchElementException -->
          <reporter-output>
          </reporter-output>
        </test-method> <!-- RemoveProductFromCart -->
        <test-method is-config="true" signature="attachScreenshot(org.testng.ITestResult)[pri:0, instance:com.ExitTest.tests.CartTests@72c28d64]" started-at="2022-02-09T18:39:15Z" name="attachScreenshot" finished-at="2022-02-09T18:39:15Z" duration-ms="267" status="PASS">
          <params>
            <param index="0">
              <value>
                <![CDATA[[TestResult name=RemoveProductFromCart status=FAILURE method=CartTests.RemoveProductFromCart()[pri:19, instance:com.ExitTest.tests.CartTests@72c28d64] output={null}]]]>
              </value>
            </param>
          </params>
          <reporter-output>
          </reporter-output>
        </test-method> <!-- attachScreenshot -->
        <test-method is-config="true" signature="closeBrowser(org.testng.ITestResult)[pri:0, instance:com.ExitTest.tests.CartTests@72c28d64]" started-at="2022-02-09T18:39:15Z" name="closeBrowser" finished-at="2022-02-09T18:39:16Z" duration-ms="841" status="PASS">
          <params>
            <param index="0">
              <value>
                <![CDATA[[TestResult name=RemoveProductFromCart status=FAILURE method=CartTests.RemoveProductFromCart()[pri:19, instance:com.ExitTest.tests.CartTests@72c28d64] output={null}]]]>
              </value>
            </param>
          </params>
          <reporter-output>
          </reporter-output>
        </test-method> <!-- closeBrowser -->
        <test-method is-config="true" signature="initializeWebDriver()[pri:0, instance:com.ExitTest.tests.CartTests@72c28d64]" started-at="2022-02-09T18:39:16Z" name="initializeWebDriver" finished-at="2022-02-09T18:39:18Z" duration-ms="1446" status="PASS">
          <reporter-output>
          </reporter-output>
        </test-method> <!-- initializeWebDriver -->
        <test-method is-config="true" signature="openUrl()[pri:0, instance:com.ExitTest.tests.CartTests@72c28d64]" started-at="2022-02-09T18:39:18Z" name="openUrl" finished-at="2022-02-09T18:39:23Z" duration-ms="4923" status="PASS">
          <reporter-output>
          </reporter-output>
        </test-method> <!-- openUrl -->
        <test-method signature="SaveForLater()[pri:20, instance:com.ExitTest.tests.CartTests@72c28d64]" started-at="2022-02-09T18:39:23Z" name="SaveForLater" finished-at="2022-02-09T18:39:50Z" duration-ms="27525" status="PASS">
          <reporter-output>
          </reporter-output>
        </test-method> <!-- SaveForLater -->
        <test-method is-config="true" signature="attachScreenshot(org.testng.ITestResult)[pri:0, instance:com.ExitTest.tests.CartTests@72c28d64]" started-at="2022-02-09T18:39:50Z" name="attachScreenshot" finished-at="2022-02-09T18:39:50Z" duration-ms="1" status="PASS">
          <params>
            <param index="0">
              <value>
                <![CDATA[[TestResult name=SaveForLater status=SUCCESS method=CartTests.SaveForLater()[pri:20, instance:com.ExitTest.tests.CartTests@72c28d64] output={null}]]]>
              </value>
            </param>
          </params>
          <reporter-output>
          </reporter-output>
        </test-method> <!-- attachScreenshot -->
        <test-method is-config="true" signature="closeBrowser(org.testng.ITestResult)[pri:0, instance:com.ExitTest.tests.CartTests@72c28d64]" started-at="2022-02-09T18:39:50Z" name="closeBrowser" finished-at="2022-02-09T18:39:51Z" duration-ms="704" status="PASS">
          <params>
            <param index="0">
              <value>
                <![CDATA[[TestResult name=SaveForLater status=SUCCESS method=CartTests.SaveForLater()[pri:20, instance:com.ExitTest.tests.CartTests@72c28d64] output={null}]]]>
              </value>
            </param>
          </params>
          <reporter-output>
          </reporter-output>
        </test-method> <!-- closeBrowser -->
        <test-method is-config="true" signature="initializeWebDriver()[pri:0, instance:com.ExitTest.tests.CartTests@72c28d64]" started-at="2022-02-09T18:39:51Z" name="initializeWebDriver" finished-at="2022-02-09T18:39:52Z" duration-ms="1499" status="PASS">
          <reporter-output>
          </reporter-output>
        </test-method> <!-- initializeWebDriver -->
        <test-method is-config="true" signature="openUrl()[pri:0, instance:com.ExitTest.tests.CartTests@72c28d64]" started-at="2022-02-09T18:39:52Z" name="openUrl" finished-at="2022-02-09T18:39:57Z" duration-ms="4602" status="PASS">
          <reporter-output>
          </reporter-output>
        </test-method> <!-- openUrl -->
        <test-method signature="checkSize()[pri:21, instance:com.ExitTest.tests.CartTests@72c28d64]" started-at="2022-02-09T18:39:57Z" name="checkSize" finished-at="2022-02-09T18:40:23Z" duration-ms="25679" status="PASS">
          <reporter-output>
          </reporter-output>
        </test-method> <!-- checkSize -->
        <test-method is-config="true" signature="closeBrowser(org.testng.ITestResult)[pri:0, instance:com.ExitTest.tests.CartTests@72c28d64]" started-at="2022-02-09T18:40:23Z" name="closeBrowser" finished-at="2022-02-09T18:40:23Z" duration-ms="712" status="PASS">
          <params>
            <param index="0">
              <value>
                <![CDATA[[TestResult name=checkSize status=SUCCESS method=CartTests.checkSize()[pri:21, instance:com.ExitTest.tests.CartTests@72c28d64] output={null}]]]>
              </value>
            </param>
          </params>
          <reporter-output>
          </reporter-output>
        </test-method> <!-- closeBrowser -->
        <test-method is-config="true" signature="attachScreenshot(org.testng.ITestResult)[pri:0, instance:com.ExitTest.tests.CartTests@72c28d64]" started-at="2022-02-09T18:40:23Z" name="attachScreenshot" finished-at="2022-02-09T18:40:23Z" duration-ms="0" status="PASS">
          <params>
            <param index="0">
              <value>
                <![CDATA[[TestResult name=checkSize status=SUCCESS method=CartTests.checkSize()[pri:21, instance:com.ExitTest.tests.CartTests@72c28d64] output={null}]]]>
              </value>
            </param>
          </params>
          <reporter-output>
          </reporter-output>
        </test-method> <!-- attachScreenshot -->
      </class> <!-- com.ExitTest.tests.CartTests -->
    </test> <!-- Test -->
  </suite> <!-- Suite -->
</testng-results>
